{"D:\\documents\\ck-challenge\\dto-client\\src\\App.tsx": {"path":"D:\\documents\\ck-challenge\\dto-client\\src\\App.tsx","statementMap":{"0":{"start":{"line":9,"column":39},"end":{"line":9,"column":53}},"1":{"start":{"line":10,"column":4},"end":{"line":10,"column":71}},"2":{"start":{"line":10,"column":20},"end":{"line":10,"column":44}},"3":{"start":{"line":12,"column":4},"end":{"line":20,"column":6}}},"fnMap":{"0":{"name":"App","decl":{"start":{"line":8,"column":9},"end":{"line":8,"column":12}},"loc":{"start":{"line":8,"column":15},"end":{"line":21,"column":1}},"line":8},"1":{"name":"(anonymous_1)","decl":{"start":{"line":10,"column":14},"end":{"line":10,"column":15}},"loc":{"start":{"line":10,"column":20},"end":{"line":10,"column":44}},"line":10}},"branchMap":{},"s":{"0":1,"1":1,"2":1,"3":1},"f":{"0":1,"1":1},"b":{},"_coverageSchema":"1a1c01bbd47fc00a2c39e90264f33305004495a9","hash":"9d23612cc0e60e5a680e42a7dee3e95f5e2b96e5"}
,"D:\\documents\\ck-challenge\\dto-client\\src\\service.ts": {"path":"D:\\documents\\ck-challenge\\dto-client\\src\\service.ts","statementMap":{"0":{"start":{"line":7,"column":18},"end":{"line":7,"column":41}},"1":{"start":{"line":8,"column":27},"end":{"line":11,"column":1}},"2":{"start":{"line":13,"column":26},"end":{"line":16,"column":1}},"3":{"start":{"line":19,"column":31},"end":{"line":19,"column":64}}},"fnMap":{},"branchMap":{},"s":{"0":1,"1":1,"2":1,"3":1},"f":{},"b":{},"_coverageSchema":"1a1c01bbd47fc00a2c39e90264f33305004495a9","hash":"3df2c9ed1bca8aa657f841920da0a1cb8a1adb4a"}
,"D:\\documents\\ck-challenge\\dto-client\\src\\utils.ts": {"path":"D:\\documents\\ck-challenge\\dto-client\\src\\utils.ts","statementMap":{"0":{"start":{"line":2,"column":25},"end":{"line":2,"column":94}},"1":{"start":{"line":3,"column":4},"end":{"line":3,"column":68}},"2":{"start":{"line":17,"column":8},"end":{"line":17,"column":36}},"3":{"start":{"line":18,"column":8},"end":{"line":20,"column":16}},"4":{"start":{"line":19,"column":12},"end":{"line":19,"column":46}},"5":{"start":{"line":24,"column":8},"end":{"line":24,"column":25}},"6":{"start":{"line":26,"column":8},"end":{"line":26,"column":25}},"7":{"start":{"line":27,"column":8},"end":{"line":27,"column":21}},"8":{"start":{"line":30,"column":4},"end":{"line":30,"column":20}}},"fnMap":{"0":{"name":"simpleUID","decl":{"start":{"line":1,"column":16},"end":{"line":1,"column":25}},"loc":{"start":{"line":1,"column":42},"end":{"line":4,"column":1}},"line":1},"1":{"name":"tailingDebounce","decl":{"start":{"line":11,"column":16},"end":{"line":11,"column":31}},"loc":{"start":{"line":11,"column":62},"end":{"line":31,"column":1}},"line":11},"2":{"name":"startTimer","decl":{"start":{"line":16,"column":13},"end":{"line":16,"column":23}},"loc":{"start":{"line":16,"column":26},"end":{"line":21,"column":5}},"line":16},"3":{"name":"(anonymous_3)","decl":{"start":{"line":18,"column":36},"end":{"line":18,"column":37}},"loc":{"start":{"line":18,"column":42},"end":{"line":20,"column":9}},"line":18},"4":{"name":"debounced","decl":{"start":{"line":23,"column":13},"end":{"line":23,"column":22}},"loc":{"start":{"line":23,"column":39},"end":{"line":28,"column":5}},"line":23}},"branchMap":{"0":{"loc":{"start":{"line":2,"column":25},"end":{"line":2,"column":94}},"type":"cond-expr","locations":[{"start":{"line":2,"column":84},"end":{"line":2,"column":85}},{"start":{"line":2,"column":88},"end":{"line":2,"column":94}}],"line":2},"1":{"loc":{"start":{"line":2,"column":26},"end":{"line":2,"column":80}},"type":"binary-expr","locations":[{"start":{"line":2,"column":26},"end":{"line":2,"column":51}},{"start":{"line":2,"column":55},"end":{"line":2,"column":65}},{"start":{"line":2,"column":69},"end":{"line":2,"column":80}}],"line":2}},"s":{"0":4,"1":4,"2":18,"3":18,"4":1,"5":18,"6":18,"7":18,"8":3},"f":{"0":4,"1":3,"2":18,"3":1,"4":18},"b":{"0":[0,4],"1":[4,4,4]},"_coverageSchema":"1a1c01bbd47fc00a2c39e90264f33305004495a9","hash":"e935c154a8019639454a9fb81d6aa4a6545cf97b"}
,"D:\\documents\\ck-challenge\\dto-client\\src\\components\\OrderList.tsx": {"path":"D:\\documents\\ck-challenge\\dto-client\\src\\components\\OrderList.tsx","statementMap":{"0":{"start":{"line":7,"column":57},"end":{"line":7,"column":71}},"1":{"start":{"line":9,"column":43},"end":{"line":9,"column":62}},"2":{"start":{"line":10,"column":4},"end":{"line":13,"column":54}},"3":{"start":{"line":11,"column":8},"end":{"line":12,"column":38}},"4":{"start":{"line":11,"column":31},"end":{"line":11,"column":64}},"5":{"start":{"line":12,"column":13},"end":{"line":12,"column":38}},"6":{"start":{"line":15,"column":4},"end":{"line":47,"column":5}},"7":{"start":{"line":23,"column":20},"end":{"line":43,"column":25}}},"fnMap":{"0":{"name":"OrderList","decl":{"start":{"line":6,"column":24},"end":{"line":6,"column":33}},"loc":{"start":{"line":6,"column":37},"end":{"line":48,"column":1}},"line":6},"1":{"name":"(anonymous_1)","decl":{"start":{"line":10,"column":14},"end":{"line":10,"column":15}},"loc":{"start":{"line":10,"column":20},"end":{"line":13,"column":5}},"line":10},"2":{"name":"(anonymous_2)","decl":{"start":{"line":22,"column":50},"end":{"line":22,"column":51}},"loc":{"start":{"line":23,"column":20},"end":{"line":43,"column":25}},"line":23}},"branchMap":{"0":{"loc":{"start":{"line":11,"column":8},"end":{"line":12,"column":38}},"type":"if","locations":[{"start":{"line":11,"column":8},"end":{"line":12,"column":38}},{"start":{"line":12,"column":13},"end":{"line":12,"column":38}}],"line":11},"1":{"loc":{"start":{"line":19,"column":35},"end":{"line":19,"column":80}},"type":"binary-expr","locations":[{"start":{"line":19,"column":35},"end":{"line":19,"column":52}},{"start":{"line":19,"column":56},"end":{"line":19,"column":80}}],"line":19},"2":{"loc":{"start":{"line":22,"column":17},"end":{"line":44,"column":18}},"type":"binary-expr","locations":[{"start":{"line":22,"column":17},"end":{"line":22,"column":29}},{"start":{"line":22,"column":33},"end":{"line":44,"column":18}}],"line":22}},"s":{"0":3,"1":3,"2":3,"3":1,"4":1,"5":0,"6":3,"7":4},"f":{"0":3,"1":1,"2":4},"b":{"0":[1,0],"1":[3,1],"2":[3,2]},"_coverageSchema":"1a1c01bbd47fc00a2c39e90264f33305004495a9","hash":"67a04dcf45541440755d2235e01136f9d057405e"}
,"D:\\documents\\ck-challenge\\dto-client\\src\\components\\SearchBox.tsx": {"path":"D:\\documents\\ck-challenge\\dto-client\\src\\components\\SearchBox.tsx","statementMap":{"0":{"start":{"line":16,"column":4},"end":{"line":16,"column":45}},"1":{"start":{"line":20,"column":21},"end":{"line":20,"column":51}},"2":{"start":{"line":21,"column":4},"end":{"line":27,"column":5}},"3":{"start":{"line":31,"column":38},"end":{"line":31,"column":58}},"4":{"start":{"line":32,"column":34},"end":{"line":32,"column":54}},"5":{"start":{"line":33,"column":34},"end":{"line":33,"column":45}},"6":{"start":{"line":38,"column":26},"end":{"line":44,"column":5}},"7":{"start":{"line":40,"column":12},"end":{"line":40,"column":52}},"8":{"start":{"line":41,"column":12},"end":{"line":41,"column":40}},"9":{"start":{"line":47,"column":18},"end":{"line":51,"column":37}},"10":{"start":{"line":48,"column":8},"end":{"line":48,"column":24}},"11":{"start":{"line":49,"column":8},"end":{"line":49,"column":22}},"12":{"start":{"line":50,"column":8},"end":{"line":50,"column":23}},"13":{"start":{"line":56,"column":44},"end":{"line":67,"column":37}},"14":{"start":{"line":58,"column":48},"end":{"line":58,"column":53}},"15":{"start":{"line":59,"column":8},"end":{"line":59,"column":30}},"16":{"start":{"line":60,"column":8},"end":{"line":66,"column":9}},"17":{"start":{"line":61,"column":12},"end":{"line":61,"column":26}},"18":{"start":{"line":62,"column":26},"end":{"line":62,"column":57}},"19":{"start":{"line":63,"column":12},"end":{"line":63,"column":32}},"20":{"start":{"line":65,"column":12},"end":{"line":65,"column":46}},"21":{"start":{"line":69,"column":4},"end":{"line":74,"column":5}}},"fnMap":{"0":{"name":"validatePriceInput","decl":{"start":{"line":15,"column":9},"end":{"line":15,"column":27}},"loc":{"start":{"line":15,"column":46},"end":{"line":17,"column":1}},"line":15},"1":{"name":"InputBox","decl":{"start":{"line":19,"column":16},"end":{"line":19,"column":24}},"loc":{"start":{"line":19,"column":133},"end":{"line":28,"column":1}},"line":19},"2":{"name":"SearchBox","decl":{"start":{"line":30,"column":24},"end":{"line":30,"column":33}},"loc":{"start":{"line":30,"column":36},"end":{"line":75,"column":1}},"line":30},"3":{"name":"(anonymous_3)","decl":{"start":{"line":39,"column":24},"end":{"line":39,"column":25}},"loc":{"start":{"line":39,"column":44},"end":{"line":42,"column":9}},"line":39},"4":{"name":"(anonymous_4)","decl":{"start":{"line":47,"column":30},"end":{"line":47,"column":31}},"loc":{"start":{"line":47,"column":36},"end":{"line":51,"column":5}},"line":47},"5":{"name":"(anonymous_5)","decl":{"start":{"line":56,"column":56},"end":{"line":56,"column":57}},"loc":{"start":{"line":56,"column":78},"end":{"line":67,"column":5}},"line":56}},"branchMap":{"0":{"loc":{"start":{"line":23,"column":13},"end":{"line":23,"column":141}},"type":"binary-expr","locations":[{"start":{"line":23,"column":13},"end":{"line":23,"column":58}},{"start":{"line":23,"column":62},"end":{"line":23,"column":141}}],"line":23},"1":{"loc":{"start":{"line":23,"column":15},"end":{"line":23,"column":57}},"type":"binary-expr","locations":[{"start":{"line":23,"column":15},"end":{"line":23,"column":31}},{"start":{"line":23,"column":35},"end":{"line":23,"column":57}}],"line":23},"2":{"loc":{"start":{"line":25,"column":13},"end":{"line":25,"column":80}},"type":"binary-expr","locations":[{"start":{"line":25,"column":13},"end":{"line":25,"column":18}},{"start":{"line":25,"column":22},"end":{"line":25,"column":80}}],"line":25},"3":{"loc":{"start":{"line":60,"column":8},"end":{"line":66,"column":9}},"type":"if","locations":[{"start":{"line":60,"column":8},"end":{"line":66,"column":9}},{"start":{"line":64,"column":15},"end":{"line":66,"column":9}}],"line":60},"4":{"loc":{"start":{"line":62,"column":26},"end":{"line":62,"column":57}},"type":"binary-expr","locations":[{"start":{"line":62,"column":26},"end":{"line":62,"column":44}},{"start":{"line":62,"column":48},"end":{"line":62,"column":57}}],"line":62},"5":{"loc":{"start":{"line":72,"column":13},"end":{"line":72,"column":76}},"type":"binary-expr","locations":[{"start":{"line":72,"column":13},"end":{"line":72,"column":20}},{"start":{"line":72,"column":24},"end":{"line":72,"column":76}}],"line":72}},"s":{"0":2,"1":5,"2":5,"3":4,"4":4,"5":4,"6":4,"7":1,"8":1,"9":4,"10":0,"11":0,"12":0,"13":4,"14":2,"15":2,"16":2,"17":1,"18":1,"19":1,"20":1,"21":4},"f":{"0":2,"1":5,"2":4,"3":1,"4":0,"5":2},"b":{"0":[5,0],"1":[5,5],"2":[5,1],"3":[1,1],"4":[1,0],"5":[4,0]},"_coverageSchema":"1a1c01bbd47fc00a2c39e90264f33305004495a9","hash":"dd0672868b15375c7031c327ff26a933cc31da05"}
,"D:\\documents\\ck-challenge\\dto-client\\src\\hooks\\useOrderFlow.ts": {"path":"D:\\documents\\ck-challenge\\dto-client\\src\\hooks\\useOrderFlow.ts","statementMap":{"0":{"start":{"line":14,"column":28},"end":{"line":14,"column":67}},"1":{"start":{"line":14,"column":61},"end":{"line":14,"column":66}},"2":{"start":{"line":15,"column":26},"end":{"line":15,"column":81}},"3":{"start":{"line":15,"column":71},"end":{"line":15,"column":80}},"4":{"start":{"line":16,"column":27},"end":{"line":16,"column":67}},"5":{"start":{"line":16,"column":64},"end":{"line":16,"column":66}},"6":{"start":{"line":17,"column":22},"end":{"line":17,"column":56}},"7":{"start":{"line":17,"column":54},"end":{"line":17,"column":55}},"8":{"start":{"line":18,"column":26},"end":{"line":18,"column":76}},"9":{"start":{"line":18,"column":72},"end":{"line":18,"column":74}},"10":{"start":{"line":19,"column":29},"end":{"line":19,"column":81}},"11":{"start":{"line":19,"column":78},"end":{"line":19,"column":80}},"12":{"start":{"line":20,"column":22},"end":{"line":20,"column":65}},"13":{"start":{"line":20,"column":54},"end":{"line":20,"column":64}},"14":{"start":{"line":23,"column":45},"end":{"line":23,"column":66}},"15":{"start":{"line":24,"column":36},"end":{"line":24,"column":55}},"16":{"start":{"line":25,"column":38},"end":{"line":25,"column":58}},"17":{"start":{"line":26,"column":40},"end":{"line":26,"column":55}},"18":{"start":{"line":27,"column":48},"end":{"line":27,"column":67}},"19":{"start":{"line":28,"column":54},"end":{"line":28,"column":76}},"20":{"start":{"line":31,"column":40},"end":{"line":31,"column":55}},"21":{"start":{"line":33,"column":4},"end":{"line":33,"column":88}},"22":{"start":{"line":33,"column":20},"end":{"line":33,"column":48}},"23":{"start":{"line":38,"column":22},"end":{"line":45,"column":5}},"24":{"start":{"line":39,"column":32},"end":{"line":39,"column":42}},"25":{"start":{"line":40,"column":8},"end":{"line":40,"column":39}},"26":{"start":{"line":41,"column":8},"end":{"line":41,"column":31}},"27":{"start":{"line":42,"column":8},"end":{"line":42,"column":46}},"28":{"start":{"line":43,"column":8},"end":{"line":43,"column":29}},"29":{"start":{"line":44,"column":8},"end":{"line":44,"column":43}},"30":{"start":{"line":52,"column":24},"end":{"line":60,"column":5}},"31":{"start":{"line":53,"column":27},"end":{"line":53,"column":48}},"32":{"start":{"line":54,"column":8},"end":{"line":54,"column":44}},"33":{"start":{"line":54,"column":38},"end":{"line":54,"column":44}},"34":{"start":{"line":57,"column":8},"end":{"line":57,"column":69}},"35":{"start":{"line":58,"column":8},"end":{"line":58,"column":31}},"36":{"start":{"line":59,"column":8},"end":{"line":59,"column":43}},"37":{"start":{"line":66,"column":31},"end":{"line":72,"column":5}},"38":{"start":{"line":67,"column":23},"end":{"line":67,"column":33}},"39":{"start":{"line":68,"column":8},"end":{"line":68,"column":23}},"40":{"start":{"line":68,"column":17},"end":{"line":68,"column":23}},"41":{"start":{"line":70,"column":8},"end":{"line":71,"column":34}},"42":{"start":{"line":70,"column":30},"end":{"line":70,"column":57}},"43":{"start":{"line":71,"column":13},"end":{"line":71,"column":34}},"44":{"start":{"line":79,"column":35},"end":{"line":108,"column":10}},"45":{"start":{"line":80,"column":8},"end":{"line":80,"column":36}},"46":{"start":{"line":81,"column":8},"end":{"line":81,"column":35}},"47":{"start":{"line":81,"column":29},"end":{"line":81,"column":35}},"48":{"start":{"line":83,"column":8},"end":{"line":86,"column":10}},"49":{"start":{"line":88,"column":8},"end":{"line":105,"column":10}},"50":{"start":{"line":89,"column":12},"end":{"line":89,"column":59}},"51":{"start":{"line":89,"column":53},"end":{"line":89,"column":59}},"52":{"start":{"line":92,"column":32},"end":{"line":92,"column":50}},"53":{"start":{"line":93,"column":32},"end":{"line":93,"column":64}},"54":{"start":{"line":94,"column":27},"end":{"line":94,"column":28}},"55":{"start":{"line":95,"column":12},"end":{"line":101,"column":14}},"56":{"start":{"line":96,"column":16},"end":{"line":98,"column":17}},"57":{"start":{"line":97,"column":20},"end":{"line":97,"column":31}},"58":{"start":{"line":100,"column":16},"end":{"line":100,"column":46}},"59":{"start":{"line":103,"column":12},"end":{"line":103,"column":126}},"60":{"start":{"line":106,"column":8},"end":{"line":106,"column":27}},"61":{"start":{"line":115,"column":4},"end":{"line":119,"column":57}},"62":{"start":{"line":116,"column":29},"end":{"line":116,"column":73}},"63":{"start":{"line":117,"column":8},"end":{"line":117,"column":42}},"64":{"start":{"line":118,"column":8},"end":{"line":118,"column":33}},"65":{"start":{"line":122,"column":4},"end":{"line":125,"column":5}},"66":{"start":{"line":134,"column":25},"end":{"line":136,"column":30}},"67":{"start":{"line":135,"column":35},"end":{"line":135,"column":92}},"68":{"start":{"line":136,"column":25},"end":{"line":136,"column":29}},"69":{"start":{"line":138,"column":4},"end":{"line":141,"column":5}},"70":{"start":{"line":139,"column":8},"end":{"line":139,"column":39}},"71":{"start":{"line":140,"column":8},"end":{"line":140,"column":24}},"72":{"start":{"line":142,"column":25},"end":{"line":156,"column":6}},"73":{"start":{"line":143,"column":8},"end":{"line":155,"column":10}},"74":{"start":{"line":144,"column":12},"end":{"line":154,"column":13}},"75":{"start":{"line":149,"column":20},"end":{"line":149,"column":84}},"76":{"start":{"line":151,"column":20},"end":{"line":151,"column":68}},"77":{"start":{"line":153,"column":20},"end":{"line":153,"column":32}},"78":{"start":{"line":157,"column":4},"end":{"line":157,"column":23}}},"fnMap":{"0":{"name":"(anonymous_0)","decl":{"start":{"line":14,"column":55},"end":{"line":14,"column":56}},"loc":{"start":{"line":14,"column":61},"end":{"line":14,"column":66}},"line":14},"1":{"name":"(anonymous_1)","decl":{"start":{"line":15,"column":65},"end":{"line":15,"column":66}},"loc":{"start":{"line":15,"column":71},"end":{"line":15,"column":80}},"line":15},"2":{"name":"(anonymous_2)","decl":{"start":{"line":16,"column":58},"end":{"line":16,"column":59}},"loc":{"start":{"line":16,"column":64},"end":{"line":16,"column":66}},"line":16},"3":{"name":"(anonymous_3)","decl":{"start":{"line":17,"column":48},"end":{"line":17,"column":49}},"loc":{"start":{"line":17,"column":54},"end":{"line":17,"column":55}},"line":17},"4":{"name":"(anonymous_4)","decl":{"start":{"line":18,"column":65},"end":{"line":18,"column":66}},"loc":{"start":{"line":18,"column":72},"end":{"line":18,"column":74}},"line":18},"5":{"name":"(anonymous_5)","decl":{"start":{"line":19,"column":72},"end":{"line":19,"column":73}},"loc":{"start":{"line":19,"column":78},"end":{"line":19,"column":80}},"line":19},"6":{"name":"(anonymous_6)","decl":{"start":{"line":20,"column":48},"end":{"line":20,"column":49}},"loc":{"start":{"line":20,"column":54},"end":{"line":20,"column":64}},"line":20},"7":{"name":"useOrders","decl":{"start":{"line":22,"column":24},"end":{"line":22,"column":33}},"loc":{"start":{"line":22,"column":36},"end":{"line":126,"column":1}},"line":22},"8":{"name":"(anonymous_8)","decl":{"start":{"line":33,"column":14},"end":{"line":33,"column":15}},"loc":{"start":{"line":33,"column":20},"end":{"line":33,"column":48}},"line":33},"9":{"name":"(anonymous_9)","decl":{"start":{"line":38,"column":22},"end":{"line":38,"column":23}},"loc":{"start":{"line":38,"column":49},"end":{"line":45,"column":5}},"line":38},"10":{"name":"(anonymous_10)","decl":{"start":{"line":52,"column":24},"end":{"line":52,"column":25}},"loc":{"start":{"line":52,"column":71},"end":{"line":60,"column":5}},"line":52},"11":{"name":"(anonymous_11)","decl":{"start":{"line":66,"column":31},"end":{"line":66,"column":32}},"loc":{"start":{"line":66,"column":58},"end":{"line":72,"column":5}},"line":66},"12":{"name":"(anonymous_12)","decl":{"start":{"line":79,"column":47},"end":{"line":79,"column":48}},"loc":{"start":{"line":79,"column":53},"end":{"line":108,"column":5}},"line":79},"13":{"name":"(anonymous_13)","decl":{"start":{"line":88,"column":48},"end":{"line":88,"column":49}},"loc":{"start":{"line":88,"column":70},"end":{"line":105,"column":9}},"line":88},"14":{"name":"(anonymous_14)","decl":{"start":{"line":95,"column":32},"end":{"line":95,"column":33}},"loc":{"start":{"line":95,"column":59},"end":{"line":101,"column":13}},"line":95},"15":{"name":"(anonymous_15)","decl":{"start":{"line":115,"column":14},"end":{"line":115,"column":15}},"loc":{"start":{"line":115,"column":20},"end":{"line":119,"column":5}},"line":115},"16":{"name":"filterOrderListBy","decl":{"start":{"line":133,"column":16},"end":{"line":133,"column":33}},"loc":{"start":{"line":133,"column":95},"end":{"line":158,"column":1}},"line":133},"17":{"name":"(anonymous_17)","decl":{"start":{"line":135,"column":16},"end":{"line":135,"column":17}},"loc":{"start":{"line":135,"column":35},"end":{"line":135,"column":92}},"line":135},"18":{"name":"(anonymous_18)","decl":{"start":{"line":136,"column":13},"end":{"line":136,"column":14}},"loc":{"start":{"line":136,"column":25},"end":{"line":136,"column":29}},"line":136},"19":{"name":"(anonymous_19)","decl":{"start":{"line":142,"column":42},"end":{"line":142,"column":43}},"loc":{"start":{"line":142,"column":69},"end":{"line":156,"column":5}},"line":142},"20":{"name":"(anonymous_20)","decl":{"start":{"line":143,"column":34},"end":{"line":143,"column":35}},"loc":{"start":{"line":143,"column":42},"end":{"line":155,"column":9}},"line":143}},"branchMap":{"0":{"loc":{"start":{"line":54,"column":8},"end":{"line":54,"column":44}},"type":"if","locations":[{"start":{"line":54,"column":8},"end":{"line":54,"column":44}},{"start":{},"end":{}}],"line":54},"1":{"loc":{"start":{"line":68,"column":8},"end":{"line":68,"column":23}},"type":"if","locations":[{"start":{"line":68,"column":8},"end":{"line":68,"column":23}},{"start":{},"end":{}}],"line":68},"2":{"loc":{"start":{"line":70,"column":8},"end":{"line":71,"column":34}},"type":"if","locations":[{"start":{"line":70,"column":8},"end":{"line":71,"column":34}},{"start":{"line":71,"column":13},"end":{"line":71,"column":34}}],"line":70},"3":{"loc":{"start":{"line":81,"column":8},"end":{"line":81,"column":35}},"type":"if","locations":[{"start":{"line":81,"column":8},"end":{"line":81,"column":35}},{"start":{},"end":{}}],"line":81},"4":{"loc":{"start":{"line":89,"column":12},"end":{"line":89,"column":59}},"type":"if","locations":[{"start":{"line":89,"column":12},"end":{"line":89,"column":59}},{"start":{},"end":{}}],"line":89},"5":{"loc":{"start":{"line":89,"column":16},"end":{"line":89,"column":51}},"type":"binary-expr","locations":[{"start":{"line":89,"column":16},"end":{"line":89,"column":28}},{"start":{"line":89,"column":32},"end":{"line":89,"column":51}}],"line":89},"6":{"loc":{"start":{"line":96,"column":16},"end":{"line":98,"column":17}},"type":"if","locations":[{"start":{"line":96,"column":16},"end":{"line":98,"column":17}},{"start":{},"end":{}}],"line":96},"7":{"loc":{"start":{"line":135,"column":35},"end":{"line":135,"column":92}},"type":"binary-expr","locations":[{"start":{"line":135,"column":35},"end":{"line":135,"column":83}},{"start":{"line":135,"column":87},"end":{"line":135,"column":92}}],"line":135},"8":{"loc":{"start":{"line":138,"column":4},"end":{"line":141,"column":5}},"type":"if","locations":[{"start":{"line":138,"column":4},"end":{"line":141,"column":5}},{"start":{},"end":{}}],"line":138},"9":{"loc":{"start":{"line":144,"column":12},"end":{"line":154,"column":13}},"type":"switch","locations":[{"start":{"line":145,"column":16},"end":{"line":145,"column":32}},{"start":{"line":146,"column":16},"end":{"line":146,"column":35}},{"start":{"line":147,"column":16},"end":{"line":147,"column":28}},{"start":{"line":148,"column":16},"end":{"line":149,"column":84}},{"start":{"line":150,"column":16},"end":{"line":151,"column":68}},{"start":{"line":152,"column":16},"end":{"line":153,"column":32}}],"line":144}},"s":{"0":1,"1":1,"2":1,"3":1,"4":1,"5":1,"6":1,"7":1,"8":1,"9":1,"10":1,"11":1,"12":1,"13":1,"14":1,"15":1,"16":1,"17":1,"18":1,"19":1,"20":1,"21":1,"22":0,"23":1,"24":2,"25":2,"26":2,"27":2,"28":2,"29":2,"30":1,"31":1,"32":1,"33":0,"34":1,"35":1,"36":1,"37":1,"38":3,"39":3,"40":0,"41":3,"42":1,"43":2,"44":1,"45":1,"46":1,"47":0,"48":1,"49":1,"50":1,"51":0,"52":1,"53":1,"54":1,"55":1,"56":3,"57":2,"58":3,"59":1,"60":1,"61":1,"62":0,"63":0,"64":0,"65":1,"66":2,"67":1,"68":1,"69":2,"70":1,"71":1,"72":1,"73":2,"74":2,"75":0,"76":2,"77":0,"78":1},"f":{"0":1,"1":1,"2":1,"3":1,"4":1,"5":1,"6":1,"7":1,"8":0,"9":2,"10":1,"11":3,"12":1,"13":1,"14":3,"15":0,"16":2,"17":1,"18":1,"19":2,"20":2},"b":{"0":[0,1],"1":[0,3],"2":[1,2],"3":[0,1],"4":[0,1],"5":[1,1],"6":[2,1],"7":[1,1],"8":[1,1],"9":[0,0,0,0,2,0]},"_coverageSchema":"1a1c01bbd47fc00a2c39e90264f33305004495a9","hash":"f2e3cdc6888bbf5fd2eb3a23dc5e7fb9d84201a1"}
}
