TN:
SF:src\App.tsx
FN:8,App
FN:10,(anonymous_1)
FNF:2
FNH:2
FNDA:1,App
FNDA:1,(anonymous_1)
DA:9,1
DA:10,1
DA:12,1
LF:3
LH:3
BRF:0
BRH:0
end_of_record
TN:
SF:src\service.ts
FNF:0
FNH:0
DA:7,1
DA:8,1
DA:13,1
DA:19,1
LF:4
LH:4
BRF:0
BRH:0
end_of_record
TN:
SF:src\utils.ts
FN:1,simpleUID
FN:11,tailingDebounce
FN:16,startTimer
FN:18,(anonymous_3)
FN:23,debounced
FNF:5
FNH:5
FNDA:4,simpleUID
FNDA:3,tailingDebounce
FNDA:18,startTimer
FNDA:1,(anonymous_3)
FNDA:18,debounced
DA:2,4
DA:3,4
DA:17,18
DA:18,18
DA:19,1
DA:24,18
DA:26,18
DA:27,18
DA:30,3
LF:9
LH:9
BRDA:2,0,0,0
BRDA:2,0,1,4
BRDA:2,1,0,4
BRDA:2,1,1,4
BRDA:2,1,2,4
BRF:5
BRH:4
end_of_record
TN:
SF:src\components\OrderList.tsx
FN:6,OrderList
FN:10,(anonymous_1)
FN:22,(anonymous_2)
FNF:3
FNH:3
FNDA:3,OrderList
FNDA:1,(anonymous_1)
FNDA:4,(anonymous_2)
DA:7,3
DA:9,3
DA:10,3
DA:11,1
DA:12,0
DA:15,3
DA:23,4
LF:7
LH:6
BRDA:11,0,0,1
BRDA:11,0,1,0
BRDA:19,1,0,3
BRDA:19,1,1,1
BRDA:22,2,0,3
BRDA:22,2,1,2
BRF:6
BRH:5
end_of_record
TN:
SF:src\components\SearchBox.tsx
FN:15,validatePriceInput
FN:19,InputBox
FN:30,SearchBox
FN:39,(anonymous_3)
FN:47,(anonymous_4)
FN:56,(anonymous_5)
FNF:6
FNH:5
FNDA:2,validatePriceInput
FNDA:5,InputBox
FNDA:4,SearchBox
FNDA:1,(anonymous_3)
FNDA:0,(anonymous_4)
FNDA:2,(anonymous_5)
DA:16,2
DA:20,5
DA:21,5
DA:31,4
DA:32,4
DA:33,4
DA:38,4
DA:40,1
DA:41,1
DA:47,4
DA:48,0
DA:49,0
DA:50,0
DA:56,4
DA:58,2
DA:59,2
DA:60,2
DA:61,1
DA:62,1
DA:63,1
DA:65,1
DA:69,4
LF:22
LH:19
BRDA:23,0,0,5
BRDA:23,0,1,0
BRDA:23,1,0,5
BRDA:23,1,1,5
BRDA:25,2,0,5
BRDA:25,2,1,1
BRDA:60,3,0,1
BRDA:60,3,1,1
BRDA:62,4,0,1
BRDA:62,4,1,0
BRDA:72,5,0,4
BRDA:72,5,1,0
BRF:12
BRH:9
end_of_record
TN:
SF:src\hooks\useOrderFlow.ts
FN:14,(anonymous_0)
FN:15,(anonymous_1)
FN:16,(anonymous_2)
FN:17,(anonymous_3)
FN:18,(anonymous_4)
FN:19,(anonymous_5)
FN:20,(anonymous_6)
FN:22,useOrders
FN:33,(anonymous_8)
FN:38,(anonymous_9)
FN:52,(anonymous_10)
FN:66,(anonymous_11)
FN:79,(anonymous_12)
FN:88,(anonymous_13)
FN:95,(anonymous_14)
FN:115,(anonymous_15)
FN:133,filterOrderListBy
FN:135,(anonymous_17)
FN:136,(anonymous_18)
FN:142,(anonymous_19)
FN:143,(anonymous_20)
FNF:21
FNH:19
FNDA:1,(anonymous_0)
FNDA:1,(anonymous_1)
FNDA:1,(anonymous_2)
FNDA:1,(anonymous_3)
FNDA:1,(anonymous_4)
FNDA:1,(anonymous_5)
FNDA:1,(anonymous_6)
FNDA:1,useOrders
FNDA:0,(anonymous_8)
FNDA:2,(anonymous_9)
FNDA:1,(anonymous_10)
FNDA:3,(anonymous_11)
FNDA:1,(anonymous_12)
FNDA:1,(anonymous_13)
FNDA:3,(anonymous_14)
FNDA:0,(anonymous_15)
FNDA:2,filterOrderListBy
FNDA:1,(anonymous_17)
FNDA:1,(anonymous_18)
FNDA:2,(anonymous_19)
FNDA:2,(anonymous_20)
DA:14,1
DA:15,1
DA:16,1
DA:17,1
DA:18,1
DA:19,1
DA:20,1
DA:23,1
DA:24,1
DA:25,1
DA:26,1
DA:27,1
DA:28,1
DA:31,1
DA:33,1
DA:38,1
DA:39,2
DA:40,2
DA:41,2
DA:42,2
DA:43,2
DA:44,2
DA:52,1
DA:53,1
DA:54,1
DA:57,1
DA:58,1
DA:59,1
DA:66,1
DA:67,3
DA:68,3
DA:70,3
DA:71,2
DA:79,1
DA:80,1
DA:81,1
DA:83,1
DA:88,1
DA:89,1
DA:92,1
DA:93,1
DA:94,1
DA:95,1
DA:96,3
DA:97,2
DA:100,3
DA:103,1
DA:106,1
DA:115,1
DA:116,0
DA:117,0
DA:118,0
DA:122,1
DA:134,2
DA:135,1
DA:136,1
DA:138,2
DA:139,1
DA:140,1
DA:142,1
DA:143,2
DA:144,2
DA:149,0
DA:151,2
DA:153,0
DA:157,1
LF:66
LH:61
BRDA:54,0,0,0
BRDA:54,0,1,1
BRDA:68,1,0,0
BRDA:68,1,1,3
BRDA:70,2,0,1
BRDA:70,2,1,2
BRDA:81,3,0,0
BRDA:81,3,1,1
BRDA:89,4,0,0
BRDA:89,4,1,1
BRDA:89,5,0,1
BRDA:89,5,1,1
BRDA:96,6,0,2
BRDA:96,6,1,1
BRDA:135,7,0,1
BRDA:135,7,1,1
BRDA:138,8,0,1
BRDA:138,8,1,1
BRDA:144,9,0,0
BRDA:144,9,1,0
BRDA:144,9,2,0
BRDA:144,9,3,0
BRDA:144,9,4,2
BRDA:144,9,5,0
BRF:24
BRH:15
end_of_record
